<?xml version="1.0" encoding="UTF-8"?>
<!-- Generated by org.testng.reporters.JUnitXMLReporter -->
<testsuite hostname="DESKTOP-QUGDN71" name="Surefire test" tests="3" failures="0" timestamp="16 Mar 2022 07:39:50 GMT" time="4.847" errors="0">
  <testcase name="createBoard" time="3.075" classname="RestTesting.Trello"/>
  <testcase name="getBoard" time="0.781" classname="RestTesting.Trello"/>
  <testcase name="DeleteBoard" time="0.98" classname="RestTesting.Trello"/>
</testsuite> <!-- Surefire test -->
