<?xml version="1.0" encoding="UTF-8"?>
<testng-results total="2" passed="2" failed="0" skipped="0">
  <reporter-output>
  </reporter-output>
  <suite started-at="2022-03-15T16:40:00Z" name="Default suite" finished-at="2022-03-15T16:40:15Z" duration-ms="14544">
    <groups>
    </groups>
    <test started-at="2022-03-15T16:40:00Z" name="Default test" finished-at="2022-03-15T16:40:15Z" duration-ms="14544">
      <class name="RestTesting.Ecommerce">
        <test-method signature="signup()[pri:0, instance:RestTesting.Ecommerce@332729ad]" started-at="2022-03-15T22:10:00Z" name="signup" finished-at="2022-03-15T22:10:09Z" duration-ms="8644" status="PASS">
          <reporter-output>
          </reporter-output>
        </test-method> <!-- signup -->
        <test-method signature="Login()[pri:1, instance:RestTesting.Ecommerce@332729ad]" started-at="2022-03-15T22:10:09Z" name="Login" finished-at="2022-03-15T22:10:15Z" duration-ms="5880" status="PASS">
          <reporter-output>
          </reporter-output>
        </test-method> <!-- Login -->
      </class> <!-- RestTesting.Ecommerce -->
    </test> <!-- Default test -->
  </suite> <!-- Default suite -->
</testng-results>
