<?xml version="1.0" encoding="UTF-8"?>
<testsuite xmlns:xsi="http://www.w3.org/2001/XMLSchema-instance" xsi:noNamespaceSchemaLocation="https://maven.apache.org/surefire/maven-surefire-plugin/xsd/surefire-test-report-3.0.xsd" version="3.0" name="RestTesting.Trello" time="5.242" tests="3" errors="0" skipped="0" failures="0">
  <properties>
[...]
</properties>
  <testcase name="createBoard" classname="RestTesting.Trello" time="3.074"/>
  <testcase name="getBoard" classname="RestTesting.Trello" time="0.789">
    <system-out><![CDATA[{"id":"623194489f6c0469a2c5710b","name":"Hello","desc":"","descData":null,"closed":false,"idOrganization":"622ee9f88edc991d08ceedee","idEnterprise":null,"pinned":false,"url":"https://trello.com/b/PIGlrVo1/hello","shortUrl":"https://trello.com/b/PIGlrVo1","prefs":{"permissionLevel":"private","hideVotes":false,"voting":"disabled","comments":"members","invitations":"members","selfJoin":true,"cardCovers":true,"isTemplate":false,"cardAging":"regular","calendarFeedEnabled":false,"hiddenPluginBoardButtons":[],"background":"blue","backgroundColor":"#0079BF","backgroundImage":null,"backgroundImageScaled":null,"backgroundTile":false,"backgroundBrightness":"dark","backgroundBottomColor":"#0079BF","backgroundTopColor":"#0079BF","canBePublic":true,"canBeEnterprise":true,"canBeOrg":true,"canBePrivate":true,"canInvite":true},"labelNames":{"green":"","yellow":"","orange":"","red":"","purple":"","blue":"","sky":"","lime":"","pink":"","black":""}}
]]></system-out>
  </testcase>
  <testcase name="DeleteBoard" classname="RestTesting.Trello" time="0.972">
    <system-out><![CDATA[{"_value":null}

]]></system-out>
  </testcase>
</testsuite>