<?xml version="1.0" encoding="UTF-8"?>
<testsuite xmlns:xsi="http://www.w3.org/2001/XMLSchema-instance" xsi:noNamespaceSchemaLocation="https://maven.apache.org/surefire/maven-surefire-plugin/xsd/surefire-test-report-3.0.xsd" version="3.0" name="RestTesting.TestNG" time="0.421" tests="2" errors="0" skipped="0" failures="0">
  <properties>
[...]
</properties>
  <testcase name="testcase1" classname="RestTesting.TestNG" time="0.001">
    <system-out><![CDATA[This is going to execute first
This one will excute after Before suite
This one will excute before the class gets executed
This will execute before every Test Method
This is the first test method
]]></system-out>
  </testcase>
  <testcase name="testcase2" classname="RestTesting.TestNG" time="0">
    <system-out><![CDATA[After executing each test method
This will execute before every Test Method
This is the second test method
]]></system-out>
  </testcase>
</testsuite>